/*C2*/SET SCHEMA PUBLIC
DELETE FROM "mendixsystem$version" WHERE "versionnumber"='4.2'
INSERT INTO "mendixsystem$version" VALUES('4.2','2024-10-17 14:19:09.307000','4.1.0','unversioned','Onboarding App','9.10.1.37625')
COMMIT
DELETE FROM "mendixsystem$entityidentifier" WHERE "id"='d4154981-8dac-4150-aec5-efa3ef62a7a2'
INSERT INTO "mendixsystem$entityidentifier" VALUES('d4154981-8dac-4150-aec5-efa3ef62a7a2',4,301)
COMMIT
INSERT INTO "system$xasinstance" VALUES(1125899906842825,'7610875f-a96e-4b23-ab81-3fd389528725','2024-10-17 09:13:28.923000',NULL,NULL,NULL,'2024-10-17 09:13:28.910000')
COMMIT
INSERT INTO "mendixsystem$properties" VALUES('MxAdminUserName','MxAdmin')
COMMIT
DELETE FROM "system$userrole" WHERE "id"=4222124650659941
INSERT INTO "system$userrole" VALUES(4222124650659941,'db42b304-4b28-4800-b5c5-19a62160675a','HR','')
DELETE FROM "system$userrole" WHERE "id"=4222124650659944
INSERT INTO "system$userrole" VALUES(4222124650659944,'aed6657c-4c19-43bb-9445-67dbb7299b44','Facilities','')
DELETE FROM "system$userrole" WHERE "id"=4222124650659841
INSERT INTO "system$userrole" VALUES(4222124650659841,'8dd52bfa-6d7e-453b-b506-303c0a3d9567','Administrator','')
DELETE FROM "system$userrole" WHERE "id"=4222124650659943
INSERT INTO "system$userrole" VALUES(4222124650659943,'76a2eed2-5daf-41d5-b8c2-bcf04dd2cc80','WorkflowAdministrator','')
DELETE FROM "system$userrole" WHERE "id"=4222124650659842
INSERT INTO "system$userrole" VALUES(4222124650659842,'53f5d6fa-6da9-4a71-b011-454ec052cce8','User','')
DELETE FROM "system$userrole" WHERE "id"=4222124650659942
INSERT INTO "system$userrole" VALUES(4222124650659942,'e3025233-dfc1-44b4-8603-2fc3e95f5a98','Manager','')
COMMIT
/*C3*/SET SCHEMA PUBLIC
DELETE FROM "system$user" WHERE "id"=4785074604081153
INSERT INTO "system$user" VALUES(4785074604081153,'demo_administrator','{BCrypt}$2a$10$paFEwybjW9XKlVxGkvbsK.nrhU5VSnksCF3R5YM1NAoj5ohcvnc0W','2024-10-17 08:49:30.835000',FALSE,TRUE,0,FALSE,FALSE,'2024-10-17 08:49:10.950000','2024-10-17 08:49:10.950000','Administration.Account',NULL,4785074604081153)
COMMIT
/*C2*/DELETE FROM "system$user" WHERE "id"=4785074604081154
INSERT INTO "system$user" VALUES(4785074604081154,'demo_user','{BCrypt}$2a$10$5Y6HF8FOdgXWZGFInoYdRuJRXFjluyI2k9ieLunsVTdKMrC59oT5q',NULL,FALSE,TRUE,0,FALSE,FALSE,'2024-10-17 08:49:11.153000','2024-10-17 08:49:11.153000','Administration.Account',NULL,4785074604081154)
COMMIT
/*C3*/DELETE FROM "system$user" WHERE "id"=4785074604081155
INSERT INTO "system$user" VALUES(4785074604081155,'demo_facilities','{BCrypt}$2a$10$WegrDFcWO/kYL/XdjtyCsOfXd/bCcdxEQ1PMDTwveNj.WHuUWHQ1.',NULL,FALSE,TRUE,0,FALSE,FALSE,'2024-10-17 08:49:11.273000','2024-10-17 08:49:11.273000','Administration.Account',NULL,4785074604081155)
COMMIT
/*C4*/SET SCHEMA PUBLIC
DELETE FROM "system$user" WHERE "id"=4785074604081156
INSERT INTO "system$user" VALUES(4785074604081156,'demo_HR','{BCrypt}$2a$10$Z8fineCu74cGZnW.VyB5Ye1ekhmutYKCp4yrQ8fNwHHAzLk4FKpdi','2024-10-17 08:49:39.693000',FALSE,TRUE,0,FALSE,FALSE,'2024-10-17 08:49:11.394000','2024-10-17 08:49:11.394000','Administration.Account',NULL,4785074604081156)
COMMIT
/*C3*/DELETE FROM "system$user" WHERE "id"=4785074604081157
INSERT INTO "system$user" VALUES(4785074604081157,'demo_Manager','{BCrypt}$2a$10$zjpYJnyO8/IXSveWkt52b.88yaPihJBxd5.DxRw1oLaa6igwSqf/S','2024-10-17 08:49:36.726000',FALSE,TRUE,0,FALSE,FALSE,'2024-10-17 08:49:11.515000','2024-10-17 08:49:11.515000','Administration.Account',NULL,4785074604081157)
COMMIT
DELETE FROM "system$user" WHERE "id"=4785074604081158
INSERT INTO "system$user" VALUES(4785074604081158,'demo_workflowAdmin','{BCrypt}$2a$10$Y3Ku8xzUCxg37iGQQYhW/.B0nyGx.ZEUfWd8CVe6XvZ4mVYtLNSjO',NULL,FALSE,TRUE,0,FALSE,FALSE,'2024-10-17 08:49:11.639000','2024-10-17 08:49:11.639000','Administration.Account',NULL,4785074604081158)
COMMIT
DELETE FROM "mendixsystem$properties" WHERE "key"='Mendix.Runtime.DeploymentID'
INSERT INTO "mendixsystem$properties" VALUES('Mendix.Runtime.DeploymentID','638647729736520329')
COMMIT
DELETE FROM "system$session" WHERE "id"=10133099161583721
DELETE FROM "system$session_user" WHERE "system$sessionid"=10133099161583721 AND "system$userid"=4785074604081156
COMMIT
/*C4*/DELETE FROM "mendixsystem$entityidentifier" WHERE "id"='e09e866f-288b-475c-9465-792cde8b878c'
INSERT INTO "mendixsystem$entityidentifier" VALUES('e09e866f-288b-475c-9465-792cde8b878c',19,101)
COMMIT
DELETE FROM "mendixsystem$entityidentifier" WHERE "id"='30834a21-e81c-4cbf-a10b-5f60f5fddc82'
INSERT INTO "mendixsystem$entityidentifier" VALUES('30834a21-e81c-4cbf-a10b-5f60f5fddc82',1,201)
COMMIT
/*C3*/DELETE FROM "system$workflowdefinition" WHERE "id"=3096224743817217
INSERT INTO "system$workflowversion" VALUES(281474976710757,'NBE+XaHoqBLpWVPHu7oKCOH5dDQ=','{"activities":{"7c267488-79b0-3158-9c36-c97ce12b9aa6":{"type":"normal","value":{"caption":"start","modelID":"7c267488-79b0-3158-9c36-c97ce12b9aa6","next":"603fe022-87d7-4cc2-8d28-0d2d4459e8af","typeName":"Start"}},"603fe022-87d7-4cc2-8d28-0d2d4459e8af":{"type":"outcome-based","value":{"caption":"Manager: SpecifyDevice","merge":"aa41d9c2-253e-36a4-8000-5a0bacb78d8a","modelID":"603fe022-87d7-4cc2-8d28-0d2d4459e8af","outcomes":[{"description":"Outcome","modelId":"10e341e4-a64f-4b35-b3b5-b03cb853e6be","next":"aa41d9c2-253e-36a4-8000-5a0bacb78d8a"}],"typeName":"UserTask"}},"aa41d9c2-253e-36a4-8000-5a0bacb78d8a":{"type":"end-state","value":{"caption":"end","modelID":"aa41d9c2-253e-36a4-8000-5a0bacb78d8a","typeName":"End"}}},"contextEntityId":"ca363240-2dad-431d-9e4d-ea9f7dfab557","startId":"7c267488-79b0-3158-9c36-c97ce12b9aa6"}')
INSERT INTO "system$workflowversion_workflowusertaskdefinition" VALUES(281474976710757,5348024557502465)
INSERT INTO "system$workflowversion_previousversion" VALUES(281474976710757,281474976710657)
INSERT INTO "system$workflowversion_workflowdefinition" VALUES(281474976710757,3096224743817217)
INSERT INTO "system$workflowdefinition" VALUES(3096224743817217,'MyFirstModule.Employee_Onboarding','Employee Onboarding',FALSE,'a5d1ac23-62e9-4c91-9c84-0077c19528ce')
DELETE FROM "system$workflowdefinition_currentworkflowversion" WHERE "system$workflowdefinitionid"=3096224743817217 AND "system$workflowversionid"=281474976710657
INSERT INTO "system$workflowdefinition_currentworkflowversion" VALUES(3096224743817217,281474976710757)
INSERT INTO "system$workflowusertaskdefinition" VALUES(5348024557502465,'Manager: SpecifyDevice',FALSE,'603fe022-87d7-4cc2-8d28-0d2d4459e8af')
INSERT INTO "system$workflowusertaskdefinition_workflowdefinition" VALUES(5348024557502465,3096224743817217)
COMMIT
DELETE FROM "system$xasinstance" WHERE "id"=1125899906842825
INSERT INTO "system$xasinstance" VALUES(1125899906842825,'7610875f-a96e-4b23-ab81-3fd389528725','2024-10-17 09:13:32.242000',NULL,NULL,NULL,'2024-10-17 09:13:28.910000')
COMMIT
/*C4*/DELETE FROM "system$user" WHERE "id"=844424930132069
INSERT INTO "system$user" VALUES(844424930132069,'MxAdmin','{BCrypt}$2a$10$3EQhKM.316TNzP6q7z1CYeu6lJFqonqiEkSaa1.42ENDeffGhVxw.','2024-10-17 08:49:25.444000',FALSE,TRUE,0,FALSE,FALSE,'2024-10-17 08:49:13.877000','2024-10-17 08:49:13.877000','System.User',NULL,844424930132069)
COMMIT
/*C2*/DELETE FROM "system$user" WHERE "id"=844424930132069
INSERT INTO "system$user" VALUES(844424930132069,'MxAdmin','{BCrypt}$2a$10$3EQhKM.316TNzP6q7z1CYeu6lJFqonqiEkSaa1.42ENDeffGhVxw.','2024-10-17 09:13:44.065000',FALSE,TRUE,0,FALSE,FALSE,'2024-10-17 08:49:13.877000','2024-10-17 08:49:13.877000','System.User',NULL,844424930132069)
COMMIT
/*C4*/DELETE FROM "mendixsystem$entityidentifier" WHERE "id"='37f9fd49-5318-4c63-9a51-f761779b202f'
INSERT INTO "mendixsystem$entityidentifier" VALUES('37f9fd49-5318-4c63-9a51-f761779b202f',36,301)
COMMIT
INSERT INTO "system$session" VALUES(10133099161583817,'2b77b145-5a9b-4a21-8d7f-1cda753ac6d2','b2aac305-1705-4692-969f-79c66eda1a39','2024-10-17 09:13:44.124000',FALSE,'3e8f1cad-cbf2-4e8d-a8bb-e07cb7b4ab84',NULL,'2024-10-17 09:13:44.123000')
INSERT INTO "system$session_user" VALUES(10133099161583817,844424930132069)
COMMIT
DELETE FROM "system$session" WHERE "id"=10133099161583817
INSERT INTO "system$session" VALUES(10133099161583817,'2b77b145-5a9b-4a21-8d7f-1cda753ac6d2','b2aac305-1705-4692-969f-79c66eda1a39','2024-10-17 09:13:44.336000',FALSE,'3e8f1cad-cbf2-4e8d-a8bb-e07cb7b4ab84',NULL,'2024-10-17 09:13:44.123000')
COMMIT
/*C2*/DELETE FROM "system$session" WHERE "id"=10133099161583817
DELETE FROM "system$session_user" WHERE "system$sessionid"=10133099161583817 AND "system$userid"=844424930132069
COMMIT
/*C3*/DELETE FROM "system$user" WHERE "id"=4785074604081153
INSERT INTO "system$user" VALUES(4785074604081153,'demo_administrator','{BCrypt}$2a$10$paFEwybjW9XKlVxGkvbsK.nrhU5VSnksCF3R5YM1NAoj5ohcvnc0W','2024-10-17 09:13:48.591000',FALSE,TRUE,0,FALSE,FALSE,'2024-10-17 08:49:10.950000','2024-10-17 08:49:10.950000','Administration.Account',NULL,4785074604081153)
COMMIT
INSERT INTO "system$session" VALUES(10133099161583818,'0df24c11-96fb-4394-ba10-3cd893f19c24','3155d07a-f0de-4bb2-a96a-9daf56cd6c6d','2024-10-17 09:13:48.619000',FALSE,'3878048f-cad9-49ab-91ce-f21aafa03669',NULL,'2024-10-17 09:13:48.619000')
INSERT INTO "system$session_user" VALUES(10133099161583818,4785074604081153)
COMMIT
DELETE FROM "system$session" WHERE "id"=10133099161583818
INSERT INTO "system$session" VALUES(10133099161583818,'0df24c11-96fb-4394-ba10-3cd893f19c24','3155d07a-f0de-4bb2-a96a-9daf56cd6c6d','2024-10-17 09:13:48.761000',FALSE,'3878048f-cad9-49ab-91ce-f21aafa03669',NULL,'2024-10-17 09:13:48.619000')
COMMIT
/*C2*/DELETE FROM "system$session" WHERE "id"=10133099161583818
DELETE FROM "system$session_user" WHERE "system$sessionid"=10133099161583818 AND "system$userid"=4785074604081153
COMMIT
/*C3*/DELETE FROM "system$user" WHERE "id"=4785074604081154
INSERT INTO "system$user" VALUES(4785074604081154,'demo_user','{BCrypt}$2a$10$5Y6HF8FOdgXWZGFInoYdRuJRXFjluyI2k9ieLunsVTdKMrC59oT5q','2024-10-17 09:13:50.973000',FALSE,TRUE,0,FALSE,FALSE,'2024-10-17 08:49:11.153000','2024-10-17 08:49:11.153000','Administration.Account',NULL,4785074604081154)
INSERT INTO "system$user_language" VALUES(4785074604081154,10977524091715585)
COMMIT
/*C4*/INSERT INTO "system$session" VALUES(10133099161583819,'e7e8ef14-6631-48b1-b346-09aa84ee1d1e','657d2d05-23d5-4600-918b-05688c569271','2024-10-17 09:13:51.008000',FALSE,'0ebd6c5e-cbf0-42f3-ba46-6a9c4061ca18',NULL,'2024-10-17 09:13:51.008000')
INSERT INTO "system$session_user" VALUES(10133099161583819,4785074604081154)
COMMIT
DELETE FROM "system$session" WHERE "id"=10133099161583819
INSERT INTO "system$session" VALUES(10133099161583819,'e7e8ef14-6631-48b1-b346-09aa84ee1d1e','657d2d05-23d5-4600-918b-05688c569271','2024-10-17 09:13:51.192000',FALSE,'0ebd6c5e-cbf0-42f3-ba46-6a9c4061ca18',NULL,'2024-10-17 09:13:51.008000')
COMMIT
/*C2*/DELETE FROM "system$session" WHERE "id"=10133099161583819
DELETE FROM "system$session_user" WHERE "system$sessionid"=10133099161583819 AND "system$userid"=4785074604081154
COMMIT
/*C3*/DELETE FROM "system$user" WHERE "id"=4785074604081155
INSERT INTO "system$user" VALUES(4785074604081155,'demo_facilities','{BCrypt}$2a$10$WegrDFcWO/kYL/XdjtyCsOfXd/bCcdxEQ1PMDTwveNj.WHuUWHQ1.','2024-10-17 09:13:53.313000',FALSE,TRUE,0,FALSE,FALSE,'2024-10-17 08:49:11.273000','2024-10-17 08:49:11.273000','Administration.Account',NULL,4785074604081155)
INSERT INTO "system$user_language" VALUES(4785074604081155,10977524091715585)
COMMIT
/*C4*/INSERT INTO "system$session" VALUES(10133099161583820,'696f0afe-0192-4dae-95c5-7d9365781f74','f7815186-a0f3-42a4-acf0-3f271d4c5bec','2024-10-17 09:13:53.337000',FALSE,'eabca6a6-0f53-4c8c-9801-3dee217bbc63',NULL,'2024-10-17 09:13:53.337000')
INSERT INTO "system$session_user" VALUES(10133099161583820,4785074604081155)
COMMIT
DELETE FROM "system$session" WHERE "id"=10133099161583820
INSERT INTO "system$session" VALUES(10133099161583820,'696f0afe-0192-4dae-95c5-7d9365781f74','f7815186-a0f3-42a4-acf0-3f271d4c5bec','2024-10-17 09:13:53.472000',FALSE,'eabca6a6-0f53-4c8c-9801-3dee217bbc63',NULL,'2024-10-17 09:13:53.337000')
COMMIT
DELETE FROM "mendixsystem$entityidentifier" WHERE "id"='14538a17-ae4d-4196-afbb-402feccf0b6e'
INSERT INTO "mendixsystem$entityidentifier" VALUES('14538a17-ae4d-4196-afbb-402feccf0b6e',42,101)
COMMIT
DELETE FROM "system$session" WHERE "id"=10133099161583820
DELETE FROM "system$session_user" WHERE "system$sessionid"=10133099161583820 AND "system$userid"=4785074604081155
COMMIT
/*C2*/DELETE FROM "system$user" WHERE "id"=4785074604081156
INSERT INTO "system$user" VALUES(4785074604081156,'demo_HR','{BCrypt}$2a$10$Z8fineCu74cGZnW.VyB5Ye1ekhmutYKCp4yrQ8fNwHHAzLk4FKpdi','2024-10-17 09:14:01.705000',FALSE,TRUE,0,FALSE,FALSE,'2024-10-17 08:49:11.394000','2024-10-17 08:49:11.394000','Administration.Account',NULL,4785074604081156)
COMMIT
INSERT INTO "system$session" VALUES(10133099161583821,'134c1c5a-6afa-4357-acc0-013a6b422d5c','86fb0efb-5415-47f4-aad2-bf2b220498b0','2024-10-17 09:14:01.726000',FALSE,'58ee0865-1e5a-44d6-ad51-b65a3caac0dc',NULL,'2024-10-17 09:14:01.725000')
INSERT INTO "system$session_user" VALUES(10133099161583821,4785074604081156)
COMMIT
DELETE FROM "system$session" WHERE "id"=10133099161583821
INSERT INTO "system$session" VALUES(10133099161583821,'134c1c5a-6afa-4357-acc0-013a6b422d5c','86fb0efb-5415-47f4-aad2-bf2b220498b0','2024-10-17 09:14:01.860000',FALSE,'58ee0865-1e5a-44d6-ad51-b65a3caac0dc',NULL,'2024-10-17 09:14:01.725000')
COMMIT
DELETE FROM "mendixsystem$entityidentifier" WHERE "id"='ca363240-2dad-431d-9e4d-ea9f7dfab557'
INSERT INTO "mendixsystem$entityidentifier" VALUES('ca363240-2dad-431d-9e4d-ea9f7dfab557',48,201)
COMMIT
INSERT INTO "myfirstmodule$employeeonboarding" VALUES(13510798882111589,'abc',FALSE,'2024-09-30 18:30:00.000000',NULL,NULL)
COMMIT
DELETE FROM "mendixsystem$entityidentifier" WHERE "id"='2ae37bf5-ecb8-4c55-b967-d7383925b208'
INSERT INTO "mendixsystem$entityidentifier" VALUES('2ae37bf5-ecb8-4c55-b967-d7383925b208',8,201)
COMMIT
DELETE FROM "mendixsystem$entityidentifier" WHERE "id"='a5952592-bb2c-4798-9805-f9ff91ad97de'
INSERT INTO "mendixsystem$entityidentifier" VALUES('a5952592-bb2c-4798-9805-f9ff91ad97de',34,201)
COMMIT
INSERT INTO "system$workflow" VALUES(2251799813685349,'Employee Onboarding','','2024-10-17 09:14:16.020000',NULL,NULL,TRUE,TRUE,'InProgress',NULL,NULL,13510798882111489,4785074604081156)
INSERT INTO "system$workflow_workflowdefinition" VALUES(2251799813685349,3096224743817217)
INSERT INTO "system$workflow_currentactivity" VALUES(2251799813685349,9570149208162405)
INSERT INTO "system$workflowactivity" VALUES(9570149208162405,'7c267488-79b0-3158-9c36-c97ce12b9aa6','6aa522cd-50a7-47cd-8333-f83f16cee0eb','start','Started','2024-10-17 09:14:16.020000',NULL,NULL,NULL,FALSE,FALSE,NULL,NULL)
INSERT INTO "system$workflowactivity_workflow" VALUES(9570149208162405,2251799813685349)
INSERT INTO "system$workflowactivity_workflowversion" VALUES(9570149208162405,281474976710757)
COMMIT
DELETE FROM "mendixsystem$entityidentifier" WHERE "id"='c6c131c8-8779-4213-9b26-a64e141f26a8'
INSERT INTO "mendixsystem$entityidentifier" VALUES('c6c131c8-8779-4213-9b26-a64e141f26a8',24,201)
COMMIT
ALTER SEQUENCE PUBLIC."system$queuedtask_sequence_mxseq" RESTART WITH 4
INSERT INTO "system$queuedtask" VALUES(6755399441055845,3,'Idle','869a623f-6f92-40b1-a716-6d6d254c5327','System.MendixWorkflows-WorkflowExecution','User',NULL,NULL,'MendixWorkflows-ExecuteWorkflow','[{"value":"2251799813685349","type":"Identifier"},{"value":true,"type":"Boolean"}]',NULL,NULL,'2024-10-17 09:14:16.091000',NULL,NULL,0,NULL,4785074604081156)
COMMIT
DELETE FROM "system$queuedtask" WHERE "id"=6755399441055845
INSERT INTO "system$queuedtask" VALUES(6755399441055845,3,'Running','869a623f-6f92-40b1-a716-6d6d254c5327','System.MendixWorkflows-WorkflowExecution','User',NULL,NULL,'MendixWorkflows-ExecuteWorkflow','[{"value":"2251799813685349","type":"Identifier"},{"value":true,"type":"Boolean"}]','7610875f-a96e-4b23-ab81-3fd389528725',34,'2024-10-17 09:14:16.091000',NULL,'2024-10-17 09:14:16.595000',0,NULL,4785074604081156)
COMMIT
/*C4*/DELETE FROM "mendixsystem$entityidentifier" WHERE "id"='3729d27c-735b-457a-b210-9dffb125c3f3'
INSERT INTO "mendixsystem$entityidentifier" VALUES('3729d27c-735b-457a-b210-9dffb125c3f3',40,101)
COMMIT
/*C2*/DELETE FROM "system$workflow" WHERE "id"=2251799813685349
INSERT INTO "system$workflowusertask_targetusers" VALUES(11258999068426241,4785074604081157)
INSERT INTO "system$workflowusertask" VALUES(11258999068426241,'Specify Device for Tushar r','','2024-10-17 09:14:16.752000',NULL,NULL,NULL,'InProgress')
INSERT INTO "system$workflowusertask_workflow" VALUES(11258999068426241,2251799813685349)
INSERT INTO "system$workflowusertask_workflowusertaskdefinition" VALUES(11258999068426241,5348024557502465)
INSERT INTO "system$workflow" VALUES(2251799813685349,'Employee Onboarding','','2024-10-17 09:14:16.020000',NULL,NULL,TRUE,TRUE,'InProgress',NULL,NULL,13510798882111489,4785074604081156)
DELETE FROM "system$workflow_workflowdefinition" WHERE "system$workflowid"=2251799813685349 AND "system$workflowdefinitionid"=3096224743817217
INSERT INTO "system$workflow_workflowdefinition" VALUES(2251799813685349,3096224743817217)
DELETE FROM "system$workflow_currentactivity" WHERE "system$workflowid"=2251799813685349 AND "system$workflowactivityid"=9570149208162405
INSERT INTO "system$workflow_currentactivity" VALUES(2251799813685349,9570149208162406)
INSERT INTO "system$workflowactivity" VALUES(9570149208162406,'603fe022-87d7-4cc2-8d28-0d2d4459e8af','7122ecba-cdee-4b25-907b-6354ca14562b','Manager: SpecifyDevice','Suspended','2024-10-17 09:14:16.733000',NULL,NULL,NULL,FALSE,FALSE,NULL,NULL)
INSERT INTO "system$workflowactivity_previousactivity" VALUES(9570149208162406,9570149208162405)
INSERT INTO "system$workflowactivity_workflow" VALUES(9570149208162406,2251799813685349)
INSERT INTO "system$workflowactivity_workflowversion" VALUES(9570149208162406,281474976710757)
INSERT INTO "system$workflowactivity_workflowusertask" VALUES(9570149208162406,11258999068426241)
DELETE FROM "system$workflowactivity" WHERE "id"=9570149208162405
INSERT INTO "system$workflowactivity" VALUES(9570149208162405,'7c267488-79b0-3158-9c36-c97ce12b9aa6','6aa522cd-50a7-47cd-8333-f83f16cee0eb','start','Finished','2024-10-17 09:14:16.020000','2024-10-17 09:14:16.736000',NULL,NULL,FALSE,FALSE,NULL,NULL)
COMMIT
DELETE FROM "mendixsystem$entityidentifier" WHERE "id"='eb5c32a1-85ec-49d1-8bca-ecca779cd539'
INSERT INTO "mendixsystem$entityidentifier" VALUES('eb5c32a1-85ec-49d1-8bca-ecca779cd539',35,201)
COMMIT
INSERT INTO "system$processedqueuetask" VALUES(9851624184873061,3,'Completed','869a623f-6f92-40b1-a716-6d6d254c5327','System.MendixWorkflows-WorkflowExecution','User',NULL,NULL,'MendixWorkflows-ExecuteWorkflow','[{"value":"2251799813685349","type":"Identifier"},{"value":true,"type":"Boolean"}]','7610875f-a96e-4b23-ab81-3fd389528725',34,'2024-10-17 09:14:16.091000',NULL,'2024-10-17 09:14:16.595000','2024-10-17 09:14:16.841000',246,0,NULL,4785074604081156)
DELETE FROM "system$queuedtask" WHERE "id"=6755399441055845
COMMIT
/*C3*/DELETE FROM "system$session" WHERE "id"=10133099161583821
DELETE FROM "system$session_user" WHERE "system$sessionid"=10133099161583821 AND "system$userid"=4785074604081156
COMMIT
/*C2*/DELETE FROM "system$user" WHERE "id"=4785074604081157
INSERT INTO "system$user" VALUES(4785074604081157,'demo_Manager','{BCrypt}$2a$10$zjpYJnyO8/IXSveWkt52b.88yaPihJBxd5.DxRw1oLaa6igwSqf/S','2024-10-17 09:14:43.066000',FALSE,TRUE,0,FALSE,FALSE,'2024-10-17 08:49:11.515000','2024-10-17 08:49:11.515000','Administration.Account',NULL,4785074604081157)
COMMIT
/*C4*/INSERT INTO "system$session" VALUES(10133099161583823,'aa70ad01-21e9-4599-9290-b223ebbb4e8e','17e7488e-ddf0-4803-96a6-d5cd897ecd72','2024-10-17 09:14:43.089000',FALSE,'a0ab33c4-8bb5-45d2-9e6d-f209798a96ac',NULL,'2024-10-17 09:14:43.089000')
INSERT INTO "system$session_user" VALUES(10133099161583823,4785074604081157)
COMMIT
DELETE FROM "system$session" WHERE "id"=10133099161583823
INSERT INTO "system$session" VALUES(10133099161583823,'aa70ad01-21e9-4599-9290-b223ebbb4e8e','17e7488e-ddf0-4803-96a6-d5cd897ecd72','2024-10-17 09:14:43.286000',FALSE,'a0ab33c4-8bb5-45d2-9e6d-f209798a96ac',NULL,'2024-10-17 09:14:43.089000')
COMMIT
/*C5*/SET SCHEMA PUBLIC
INSERT INTO "system$workflowusertask_assignee" VALUES(11258999068426241,4785074604081157)
COMMIT
/*C10*/SET SCHEMA PUBLIC
DELETE FROM "system$session" WHERE "id"=10133099161583823
INSERT INTO "system$session" VALUES(10133099161583823,'aa70ad01-21e9-4599-9290-b223ebbb4e8e','17e7488e-ddf0-4803-96a6-d5cd897ecd72','2024-10-17 09:14:54.287000',FALSE,'a0ab33c4-8bb5-45d2-9e6d-f209798a96ac',NULL,'2024-10-17 09:14:43.089000')
COMMIT
DELETE FROM "system$session" WHERE "id"=10133099161583823
DELETE FROM "system$session_user" WHERE "system$sessionid"=10133099161583823 AND "system$userid"=4785074604081157
COMMIT
/*C17*/SET SCHEMA PUBLIC
DELETE FROM "system$user" WHERE "id"=4785074604081158
INSERT INTO "system$user" VALUES(4785074604081158,'demo_workflowAdmin','{BCrypt}$2a$10$Y3Ku8xzUCxg37iGQQYhW/.B0nyGx.ZEUfWd8CVe6XvZ4mVYtLNSjO','2024-10-17 09:15:33.829000',FALSE,TRUE,0,FALSE,FALSE,'2024-10-17 08:49:11.639000','2024-10-17 08:49:11.639000','Administration.Account',NULL,4785074604081158)
INSERT INTO "system$user_language" VALUES(4785074604081158,10977524091715585)
COMMIT
/*C10*/INSERT INTO "system$session" VALUES(10133099161583824,'308e18ff-b05e-457f-aefc-5bbf83732079','762b7acc-7aba-4d15-aeac-76f4b6d6ecee','2024-10-17 09:15:33.843000',FALSE,'a8aa8f09-38ce-451f-9746-2653493b65f0',NULL,'2024-10-17 09:15:33.843000')
INSERT INTO "system$session_user" VALUES(10133099161583824,4785074604081158)
COMMIT
DELETE FROM "system$session" WHERE "id"=10133099161583824
INSERT INTO "system$session" VALUES(10133099161583824,'308e18ff-b05e-457f-aefc-5bbf83732079','762b7acc-7aba-4d15-aeac-76f4b6d6ecee','2024-10-17 09:15:34.031000',FALSE,'a8aa8f09-38ce-451f-9746-2653493b65f0',NULL,'2024-10-17 09:15:33.843000')
COMMIT
/*C17*/DELETE FROM "system$session" WHERE "id"=10133099161583824
DELETE FROM "system$session_user" WHERE "system$sessionid"=10133099161583824 AND "system$userid"=4785074604081158
COMMIT
/*C6*/SET SCHEMA PUBLIC
DELETE FROM "system$user" WHERE "id"=4785074604081156
INSERT INTO "system$user" VALUES(4785074604081156,'demo_HR','{BCrypt}$2a$10$Z8fineCu74cGZnW.VyB5Ye1ekhmutYKCp4yrQ8fNwHHAzLk4FKpdi','2024-10-17 09:15:38.240000',FALSE,TRUE,0,FALSE,FALSE,'2024-10-17 08:49:11.394000','2024-10-17 08:49:11.394000','Administration.Account',NULL,4785074604081156)
COMMIT
/*C10*/INSERT INTO "system$session" VALUES(10133099161583825,'24f82a7a-1df9-488b-bcb7-e48b794303ba','6f9676f9-2dc2-4849-9702-028e7d009a11','2024-10-17 09:15:38.254000',FALSE,'a5a7c8d5-0e33-41c2-88c6-f3c57be11759',NULL,'2024-10-17 09:15:38.254000')
INSERT INTO "system$session_user" VALUES(10133099161583825,4785074604081156)
COMMIT
DELETE FROM "system$session" WHERE "id"=10133099161583825
INSERT INTO "system$session" VALUES(10133099161583825,'24f82a7a-1df9-488b-bcb7-e48b794303ba','6f9676f9-2dc2-4849-9702-028e7d009a11','2024-10-17 09:15:38.389000',FALSE,'a5a7c8d5-0e33-41c2-88c6-f3c57be11759',NULL,'2024-10-17 09:15:38.254000')
COMMIT
/*C17*/DELETE FROM "system$session" WHERE "id"=10133099161583825
DELETE FROM "system$session_user" WHERE "system$sessionid"=10133099161583825 AND "system$userid"=4785074604081156
COMMIT
/*C6*/DELETE FROM "system$user" WHERE "id"=4785074604081155
INSERT INTO "system$user" VALUES(4785074604081155,'demo_facilities','{BCrypt}$2a$10$WegrDFcWO/kYL/XdjtyCsOfXd/bCcdxEQ1PMDTwveNj.WHuUWHQ1.','2024-10-17 09:15:41.668000',FALSE,TRUE,0,FALSE,FALSE,'2024-10-17 08:49:11.273000','2024-10-17 08:49:11.273000','Administration.Account',NULL,4785074604081155)
COMMIT
/*C17*/INSERT INTO "system$session" VALUES(10133099161583826,'6dc96684-7e6e-436f-9825-9b4ef2c4001c','22d5bcc3-478e-45c1-9094-07dd1fb5930c','2024-10-17 09:15:41.680000',FALSE,'f094f5ca-b81c-4496-a699-17d609a3494b',NULL,'2024-10-17 09:15:41.679000')
INSERT INTO "system$session_user" VALUES(10133099161583826,4785074604081155)
COMMIT
DELETE FROM "system$session" WHERE "id"=10133099161583826
INSERT INTO "system$session" VALUES(10133099161583826,'6dc96684-7e6e-436f-9825-9b4ef2c4001c','22d5bcc3-478e-45c1-9094-07dd1fb5930c','2024-10-17 09:15:41.807000',FALSE,'f094f5ca-b81c-4496-a699-17d609a3494b',NULL,'2024-10-17 09:15:41.679000')
COMMIT
/*C16*/SET SCHEMA PUBLIC
DELETE FROM "system$session" WHERE "id"=10133099161583826
DELETE FROM "system$session_user" WHERE "system$sessionid"=10133099161583826 AND "system$userid"=4785074604081155
COMMIT
/*C19*/SET SCHEMA PUBLIC
DELETE FROM "system$user" WHERE "id"=4785074604081154
INSERT INTO "system$user" VALUES(4785074604081154,'demo_user','{BCrypt}$2a$10$5Y6HF8FOdgXWZGFInoYdRuJRXFjluyI2k9ieLunsVTdKMrC59oT5q','2024-10-17 09:15:49.728000',FALSE,TRUE,0,FALSE,FALSE,'2024-10-17 08:49:11.153000','2024-10-17 08:49:11.153000','Administration.Account',NULL,4785074604081154)
COMMIT
/*C18*/SET SCHEMA PUBLIC
INSERT INTO "system$session" VALUES(10133099161583827,'ec0009b9-38fe-4ab6-9fc9-379e9331dc4f','a65a7151-2682-4d0e-b898-699558a585b7','2024-10-17 09:15:49.741000',FALSE,'d953b15e-1441-4152-908f-e24feb4226bf',NULL,'2024-10-17 09:15:49.740000')
INSERT INTO "system$session_user" VALUES(10133099161583827,4785074604081154)
COMMIT
DELETE FROM "system$session" WHERE "id"=10133099161583827
INSERT INTO "system$session" VALUES(10133099161583827,'ec0009b9-38fe-4ab6-9fc9-379e9331dc4f','a65a7151-2682-4d0e-b898-699558a585b7','2024-10-17 09:15:49.868000',FALSE,'d953b15e-1441-4152-908f-e24feb4226bf',NULL,'2024-10-17 09:15:49.740000')
COMMIT
/*C19*/DELETE FROM "system$session" WHERE "id"=10133099161583827
DELETE FROM "system$session_user" WHERE "system$sessionid"=10133099161583827 AND "system$userid"=4785074604081154
COMMIT
/*C18*/DELETE FROM "system$user" WHERE "id"=4785074604081157
INSERT INTO "system$user" VALUES(4785074604081157,'demo_Manager','{BCrypt}$2a$10$zjpYJnyO8/IXSveWkt52b.88yaPihJBxd5.DxRw1oLaa6igwSqf/S','2024-10-17 09:15:54.710000',FALSE,TRUE,0,FALSE,FALSE,'2024-10-17 08:49:11.515000','2024-10-17 08:49:11.515000','Administration.Account',NULL,4785074604081157)
COMMIT
/*C19*/INSERT INTO "system$session" VALUES(10133099161583828,'d8a8e67a-b8b8-47cd-ac89-c2bee6435f57','5fcd4789-a692-4005-8c0a-f946f1479f09','2024-10-17 09:15:54.721000',FALSE,'12dd607b-40f0-4486-8957-b9d2e21deeed',NULL,'2024-10-17 09:15:54.721000')
INSERT INTO "system$session_user" VALUES(10133099161583828,4785074604081157)
COMMIT
DELETE FROM "system$session" WHERE "id"=10133099161583828
INSERT INTO "system$session" VALUES(10133099161583828,'d8a8e67a-b8b8-47cd-ac89-c2bee6435f57','5fcd4789-a692-4005-8c0a-f946f1479f09','2024-10-17 09:15:54.883000',FALSE,'12dd607b-40f0-4486-8957-b9d2e21deeed',NULL,'2024-10-17 09:15:54.721000')
COMMIT
/*C18*/DELETE FROM "system$session" WHERE "id"=10133099161583828
DELETE FROM "system$session_user" WHERE "system$sessionid"=10133099161583828 AND "system$userid"=4785074604081157
COMMIT
/*C17*/DELETE FROM "system$user" WHERE "id"=4785074604081156
INSERT INTO "system$user" VALUES(4785074604081156,'demo_HR','{BCrypt}$2a$10$Z8fineCu74cGZnW.VyB5Ye1ekhmutYKCp4yrQ8fNwHHAzLk4FKpdi','2024-10-17 09:16:05.147000',FALSE,TRUE,0,FALSE,FALSE,'2024-10-17 08:49:11.394000','2024-10-17 08:49:11.394000','Administration.Account',NULL,4785074604081156)
COMMIT
/*C10*/INSERT INTO "system$session" VALUES(10133099161583829,'cbd7055d-082a-4a9d-8580-4c52f2198a24','e6bb56cb-eb1c-44f9-853a-a7203f116c33','2024-10-17 09:16:05.162000',FALSE,'29987fec-1085-4985-b15f-543be5641907',NULL,'2024-10-17 09:16:05.161000')
INSERT INTO "system$session_user" VALUES(10133099161583829,4785074604081156)
COMMIT
DELETE FROM "system$session" WHERE "id"=10133099161583829
INSERT INTO "system$session" VALUES(10133099161583829,'cbd7055d-082a-4a9d-8580-4c52f2198a24','e6bb56cb-eb1c-44f9-853a-a7203f116c33','2024-10-17 09:16:05.361000',FALSE,'29987fec-1085-4985-b15f-543be5641907',NULL,'2024-10-17 09:16:05.161000')
COMMIT
/*C19*/DELETE FROM "system$session" WHERE "id"=10133099161583829
INSERT INTO "system$session" VALUES(10133099161583829,'cbd7055d-082a-4a9d-8580-4c52f2198a24','e6bb56cb-eb1c-44f9-853a-a7203f116c33','2024-10-17 09:16:07.244000',FALSE,'29987fec-1085-4985-b15f-543be5641907',NULL,'2024-10-17 09:16:05.161000')
COMMIT
INSERT INTO "system$workflow" VALUES(2251799813685350,'Employee Onboarding','','2024-10-17 09:17:10.444000',NULL,NULL,TRUE,TRUE,'InProgress',NULL,NULL,13510798882111489,4785074604081156)
INSERT INTO "system$workflow_workflowdefinition" VALUES(2251799813685350,3096224743817217)
INSERT INTO "system$workflow_currentactivity" VALUES(2251799813685350,9570149208162407)
INSERT INTO "system$workflowactivity" VALUES(9570149208162407,'7c267488-79b0-3158-9c36-c97ce12b9aa6','76ddde33-ab80-41ae-95f8-493eef2bab5b','start','Started','2024-10-17 09:17:10.444000',NULL,NULL,NULL,FALSE,FALSE,NULL,NULL)
INSERT INTO "system$workflowactivity_workflow" VALUES(9570149208162407,2251799813685350)
INSERT INTO "system$workflowactivity_workflowversion" VALUES(9570149208162407,281474976710757)
COMMIT
ALTER SEQUENCE PUBLIC."system$queuedtask_sequence_mxseq" RESTART WITH 5
INSERT INTO "system$queuedtask" VALUES(6755399441055846,4,'Idle','869a623f-6f92-40b1-a716-6d6d254c5327','System.MendixWorkflows-WorkflowExecution','User',NULL,NULL,'MendixWorkflows-ExecuteWorkflow','[{"value":"2251799813685350","type":"Identifier"},{"value":true,"type":"Boolean"}]',NULL,NULL,'2024-10-17 09:17:10.453000',NULL,NULL,0,NULL,4785074604081156)
COMMIT
/*C6*/DELETE FROM "system$queuedtask" WHERE "id"=6755399441055846
INSERT INTO "system$queuedtask" VALUES(6755399441055846,4,'Running','869a623f-6f92-40b1-a716-6d6d254c5327','System.MendixWorkflows-WorkflowExecution','User',NULL,NULL,'MendixWorkflows-ExecuteWorkflow','[{"value":"2251799813685350","type":"Identifier"},{"value":true,"type":"Boolean"}]','7610875f-a96e-4b23-ab81-3fd389528725',34,'2024-10-17 09:17:10.453000',NULL,'2024-10-17 09:17:11.270000',0,NULL,4785074604081156)
COMMIT
/*C19*/DELETE FROM "system$workflow" WHERE "id"=2251799813685350
INSERT INTO "system$workflowusertask_targetusers" VALUES(11258999068426242,4785074604081157)
INSERT INTO "system$workflowusertask" VALUES(11258999068426242,'Specify Device for Tushar r','','2024-10-17 09:17:11.292000',NULL,NULL,NULL,'InProgress')
INSERT INTO "system$workflowusertask_workflow" VALUES(11258999068426242,2251799813685350)
INSERT INTO "system$workflowusertask_workflowusertaskdefinition" VALUES(11258999068426242,5348024557502465)
INSERT INTO "system$workflow" VALUES(2251799813685350,'Employee Onboarding','','2024-10-17 09:17:10.444000',NULL,NULL,TRUE,TRUE,'InProgress',NULL,NULL,13510798882111489,4785074604081156)
DELETE FROM "system$workflow_workflowdefinition" WHERE "system$workflowid"=2251799813685350 AND "system$workflowdefinitionid"=3096224743817217
INSERT INTO "system$workflow_workflowdefinition" VALUES(2251799813685350,3096224743817217)
DELETE FROM "system$workflow_currentactivity" WHERE "system$workflowid"=2251799813685350 AND "system$workflowactivityid"=9570149208162407
INSERT INTO "system$workflow_currentactivity" VALUES(2251799813685350,9570149208162408)
INSERT INTO "system$workflowactivity" VALUES(9570149208162408,'603fe022-87d7-4cc2-8d28-0d2d4459e8af','c7dc5b0d-e9c6-49b4-a0c9-b247a3ee5cb2','Manager: SpecifyDevice','Suspended','2024-10-17 09:17:11.291000',NULL,NULL,NULL,FALSE,FALSE,NULL,NULL)
INSERT INTO "system$workflowactivity_previousactivity" VALUES(9570149208162408,9570149208162407)
INSERT INTO "system$workflowactivity_workflow" VALUES(9570149208162408,2251799813685350)
INSERT INTO "system$workflowactivity_workflowversion" VALUES(9570149208162408,281474976710757)
INSERT INTO "system$workflowactivity_workflowusertask" VALUES(9570149208162408,11258999068426242)
DELETE FROM "system$workflowactivity" WHERE "id"=9570149208162407
INSERT INTO "system$workflowactivity" VALUES(9570149208162407,'7c267488-79b0-3158-9c36-c97ce12b9aa6','76ddde33-ab80-41ae-95f8-493eef2bab5b','start','Finished','2024-10-17 09:17:10.444000','2024-10-17 09:17:11.291000',NULL,NULL,FALSE,FALSE,NULL,NULL)
COMMIT
INSERT INTO "system$processedqueuetask" VALUES(9851624184873062,4,'Completed','869a623f-6f92-40b1-a716-6d6d254c5327','System.MendixWorkflows-WorkflowExecution','User',NULL,NULL,'MendixWorkflows-ExecuteWorkflow','[{"value":"2251799813685350","type":"Identifier"},{"value":true,"type":"Boolean"}]','7610875f-a96e-4b23-ab81-3fd389528725',34,'2024-10-17 09:17:10.453000',NULL,'2024-10-17 09:17:11.270000','2024-10-17 09:17:11.317000',47,0,NULL,4785074604081156)
DELETE FROM "system$queuedtask" WHERE "id"=6755399441055846
COMMIT
INSERT INTO "system$workflow" VALUES(2251799813685351,'Employee Onboarding','','2024-10-17 09:17:16.274000',NULL,NULL,TRUE,TRUE,'InProgress',NULL,NULL,13510798882111589,4785074604081156)
INSERT INTO "system$workflow_workflowdefinition" VALUES(2251799813685351,3096224743817217)
INSERT INTO "system$workflow_currentactivity" VALUES(2251799813685351,9570149208162409)
INSERT INTO "system$workflowactivity" VALUES(9570149208162409,'7c267488-79b0-3158-9c36-c97ce12b9aa6','f2acfe86-8a8d-48cd-afd1-119efbd343b8','start','Started','2024-10-17 09:17:16.274000',NULL,NULL,NULL,FALSE,FALSE,NULL,NULL)
INSERT INTO "system$workflowactivity_workflow" VALUES(9570149208162409,2251799813685351)
INSERT INTO "system$workflowactivity_workflowversion" VALUES(9570149208162409,281474976710757)
COMMIT
ALTER SEQUENCE PUBLIC."system$queuedtask_sequence_mxseq" RESTART WITH 6
INSERT INTO "system$queuedtask" VALUES(6755399441055847,5,'Idle','869a623f-6f92-40b1-a716-6d6d254c5327','System.MendixWorkflows-WorkflowExecution','User',NULL,NULL,'MendixWorkflows-ExecuteWorkflow','[{"value":"2251799813685351","type":"Identifier"},{"value":true,"type":"Boolean"}]',NULL,NULL,'2024-10-17 09:17:16.282000',NULL,NULL,0,NULL,4785074604081156)
COMMIT
/*C17*/DELETE FROM "system$queuedtask" WHERE "id"=6755399441055847
INSERT INTO "system$queuedtask" VALUES(6755399441055847,5,'Running','869a623f-6f92-40b1-a716-6d6d254c5327','System.MendixWorkflows-WorkflowExecution','User',NULL,NULL,'MendixWorkflows-ExecuteWorkflow','[{"value":"2251799813685351","type":"Identifier"},{"value":true,"type":"Boolean"}]','7610875f-a96e-4b23-ab81-3fd389528725',34,'2024-10-17 09:17:16.282000',NULL,'2024-10-17 09:17:16.403000',0,NULL,4785074604081156)
COMMIT
/*C10*/DELETE FROM "system$workflow" WHERE "id"=2251799813685351
INSERT INTO "system$workflowusertask_targetusers" VALUES(11258999068426243,4785074604081157)
INSERT INTO "system$workflowusertask" VALUES(11258999068426243,'Specify Device for abc','','2024-10-17 09:17:16.450000',NULL,NULL,NULL,'InProgress')
INSERT INTO "system$workflowusertask_workflow" VALUES(11258999068426243,2251799813685351)
INSERT INTO "system$workflowusertask_workflowusertaskdefinition" VALUES(11258999068426243,5348024557502465)
INSERT INTO "system$workflow" VALUES(2251799813685351,'Employee Onboarding','','2024-10-17 09:17:16.274000',NULL,NULL,TRUE,TRUE,'InProgress',NULL,NULL,13510798882111589,4785074604081156)
DELETE FROM "system$workflow_workflowdefinition" WHERE "system$workflowid"=2251799813685351 AND "system$workflowdefinitionid"=3096224743817217
INSERT INTO "system$workflow_workflowdefinition" VALUES(2251799813685351,3096224743817217)
DELETE FROM "system$workflow_currentactivity" WHERE "system$workflowid"=2251799813685351 AND "system$workflowactivityid"=9570149208162409
INSERT INTO "system$workflow_currentactivity" VALUES(2251799813685351,9570149208162410)
INSERT INTO "system$workflowactivity" VALUES(9570149208162410,'603fe022-87d7-4cc2-8d28-0d2d4459e8af','f1cc4fd6-6d22-4230-9148-5d0cc38cb01e','Manager: SpecifyDevice','Suspended','2024-10-17 09:17:16.450000',NULL,NULL,NULL,FALSE,FALSE,NULL,NULL)
INSERT INTO "system$workflowactivity_previousactivity" VALUES(9570149208162410,9570149208162409)
INSERT INTO "system$workflowactivity_workflow" VALUES(9570149208162410,2251799813685351)
INSERT INTO "system$workflowactivity_workflowversion" VALUES(9570149208162410,281474976710757)
INSERT INTO "system$workflowactivity_workflowusertask" VALUES(9570149208162410,11258999068426243)
DELETE FROM "system$workflowactivity" WHERE "id"=9570149208162409
INSERT INTO "system$workflowactivity" VALUES(9570149208162409,'7c267488-79b0-3158-9c36-c97ce12b9aa6','f2acfe86-8a8d-48cd-afd1-119efbd343b8','start','Finished','2024-10-17 09:17:16.274000','2024-10-17 09:17:16.450000',NULL,NULL,FALSE,FALSE,NULL,NULL)
COMMIT
INSERT INTO "system$processedqueuetask" VALUES(9851624184873063,5,'Completed','869a623f-6f92-40b1-a716-6d6d254c5327','System.MendixWorkflows-WorkflowExecution','User',NULL,NULL,'MendixWorkflows-ExecuteWorkflow','[{"value":"2251799813685351","type":"Identifier"},{"value":true,"type":"Boolean"}]','7610875f-a96e-4b23-ab81-3fd389528725',34,'2024-10-17 09:17:16.282000',NULL,'2024-10-17 09:17:16.403000','2024-10-17 09:17:16.479000',76,0,NULL,4785074604081156)
DELETE FROM "system$queuedtask" WHERE "id"=6755399441055847
COMMIT
/*C6*/DELETE FROM "system$session" WHERE "id"=10133099161583829
INSERT INTO "system$session" VALUES(10133099161583829,'cbd7055d-082a-4a9d-8580-4c52f2198a24','e6bb56cb-eb1c-44f9-853a-a7203f116c33','2024-10-17 09:17:21.928000',FALSE,'29987fec-1085-4985-b15f-543be5641907',NULL,'2024-10-17 09:16:05.161000')
COMMIT
DELETE FROM "system$xasinstance" WHERE "id"=1125899906842825
INSERT INTO "system$xasinstance" VALUES(1125899906842825,'7610875f-a96e-4b23-ab81-3fd389528725','2024-10-17 09:18:32.306000',NULL,NULL,NULL,'2024-10-17 09:13:28.910000')
COMMIT
/*C18*/DELETE FROM "system$session" WHERE "id"=10133099161583829
INSERT INTO "system$session" VALUES(10133099161583829,'cbd7055d-082a-4a9d-8580-4c52f2198a24','e6bb56cb-eb1c-44f9-853a-a7203f116c33','2024-10-17 09:21:06.231000',FALSE,'29987fec-1085-4985-b15f-543be5641907',NULL,'2024-10-17 09:16:05.161000')
COMMIT
/*C5*/DISCONNECT
/*C12*/SET SCHEMA PUBLIC
DISCONNECT
/*C2*/DISCONNECT
/*C13*/SET SCHEMA PUBLIC
DISCONNECT
/*C14*/SET SCHEMA PUBLIC
DISCONNECT
/*C15*/SET SCHEMA PUBLIC
DISCONNECT
/*C18*/DELETE FROM "system$xasinstance" WHERE "id"=1125899906842825
INSERT INTO "system$xasinstance" VALUES(1125899906842825,'7610875f-a96e-4b23-ab81-3fd389528725','2024-10-17 09:23:32.315000',NULL,NULL,NULL,'2024-10-17 09:13:28.910000')
COMMIT
/*C17*/DELETE FROM "system$session" WHERE "id"=10133099161583829
INSERT INTO "system$session" VALUES(10133099161583829,'cbd7055d-082a-4a9d-8580-4c52f2198a24','e6bb56cb-eb1c-44f9-853a-a7203f116c33','2024-10-17 09:26:06.216000',FALSE,'29987fec-1085-4985-b15f-543be5641907',NULL,'2024-10-17 09:16:05.161000')
COMMIT
/*C16*/DISCONNECT
/*C10*/DISCONNECT
/*C19*/DISCONNECT
/*C6*/DISCONNECT
/*C17*/DELETE FROM "system$xasinstance" WHERE "id"=1125899906842825
INSERT INTO "system$xasinstance" VALUES(1125899906842825,'7610875f-a96e-4b23-ab81-3fd389528725','2024-10-17 09:28:32.322000',NULL,NULL,NULL,'2024-10-17 09:13:28.910000')
COMMIT
DELETE FROM "system$session" WHERE "id"=10133099161583829
INSERT INTO "system$session" VALUES(10133099161583829,'cbd7055d-082a-4a9d-8580-4c52f2198a24','e6bb56cb-eb1c-44f9-853a-a7203f116c33','2024-10-17 09:31:06.225000',FALSE,'29987fec-1085-4985-b15f-543be5641907',NULL,'2024-10-17 09:16:05.161000')
COMMIT
/*C7*/SET SCHEMA PUBLIC
DISCONNECT
/*C8*/SET SCHEMA PUBLIC
DISCONNECT
/*C17*/DELETE FROM "system$xasinstance" WHERE "id"=1125899906842825
INSERT INTO "system$xasinstance" VALUES(1125899906842825,'7610875f-a96e-4b23-ab81-3fd389528725','2024-10-17 09:33:32.337000',NULL,NULL,NULL,'2024-10-17 09:13:28.910000')
COMMIT
/*C18*/DELETE FROM "system$session" WHERE "id"=10133099161583829
INSERT INTO "system$session" VALUES(10133099161583829,'cbd7055d-082a-4a9d-8580-4c52f2198a24','e6bb56cb-eb1c-44f9-853a-a7203f116c33','2024-10-17 09:36:06.219000',FALSE,'29987fec-1085-4985-b15f-543be5641907',NULL,'2024-10-17 09:16:05.161000')
COMMIT
/*C4*/DISCONNECT
/*C9*/SET SCHEMA PUBLIC
DISCONNECT
/*C18*/DELETE FROM "system$xasinstance" WHERE "id"=1125899906842825
INSERT INTO "system$xasinstance" VALUES(1125899906842825,'7610875f-a96e-4b23-ab81-3fd389528725','2024-10-17 09:38:32.341000',NULL,NULL,NULL,'2024-10-17 09:13:28.910000')
COMMIT
/*C3*/DELETE FROM "system$user" WHERE "id"=844424930132069
INSERT INTO "system$user" VALUES(844424930132069,'MxAdmin','{BCrypt}$2a$10$3EQhKM.316TNzP6q7z1CYeu6lJFqonqiEkSaa1.42ENDeffGhVxw.','2024-10-17 09:40:49.493000',FALSE,TRUE,0,FALSE,FALSE,'2024-10-17 08:49:13.877000','2024-10-17 08:49:13.877000','System.User',NULL,844424930132069)
COMMIT
/*C18*/INSERT INTO "system$session" VALUES(10133099161583832,'b70ad153-10e9-41d0-bc4d-3023f9701510','5abf5a9f-e272-4c70-9260-887de0f67054','2024-10-17 09:40:49.499000',FALSE,'19f20522-a8b1-4160-8531-e5ebf45866fe',NULL,'2024-10-17 09:40:49.498000')
INSERT INTO "system$session_user" VALUES(10133099161583832,844424930132069)
COMMIT
DELETE FROM "system$session" WHERE "id"=10133099161583832
INSERT INTO "system$session" VALUES(10133099161583832,'b70ad153-10e9-41d0-bc4d-3023f9701510','5abf5a9f-e272-4c70-9260-887de0f67054','2024-10-17 09:40:49.684000',FALSE,'19f20522-a8b1-4160-8531-e5ebf45866fe',NULL,'2024-10-17 09:40:49.498000')
COMMIT
/*C17*/DELETE FROM "system$session" WHERE "id"=10133099161583832
DELETE FROM "system$session_user" WHERE "system$sessionid"=10133099161583832 AND "system$userid"=844424930132069
COMMIT
/*C3*/DELETE FROM "system$user" WHERE "id"=4785074604081156
INSERT INTO "system$user" VALUES(4785074604081156,'demo_HR','{BCrypt}$2a$10$Z8fineCu74cGZnW.VyB5Ye1ekhmutYKCp4yrQ8fNwHHAzLk4FKpdi','2024-10-17 09:40:53.285000',FALSE,TRUE,0,FALSE,FALSE,'2024-10-17 08:49:11.394000','2024-10-17 08:49:11.394000','Administration.Account',NULL,4785074604081156)
COMMIT
/*C17*/INSERT INTO "system$session" VALUES(10133099161583833,'eef4d5ac-0c45-4b4d-8c0e-5ad155ae42c3','03cc61ea-f840-4e63-8b3a-bd5f7879d9da','2024-10-17 09:40:53.295000',FALSE,'04e89237-f2a3-4f4a-9974-bcfe62d9250d',NULL,'2024-10-17 09:40:53.295000')
INSERT INTO "system$session_user" VALUES(10133099161583833,4785074604081156)
COMMIT
DELETE FROM "system$session" WHERE "id"=10133099161583833
INSERT INTO "system$session" VALUES(10133099161583833,'eef4d5ac-0c45-4b4d-8c0e-5ad155ae42c3','03cc61ea-f840-4e63-8b3a-bd5f7879d9da','2024-10-17 09:40:53.456000',FALSE,'04e89237-f2a3-4f4a-9974-bcfe62d9250d',NULL,'2024-10-17 09:40:53.295000')
COMMIT
/*C18*/INSERT INTO "myfirstmodule$employeeonboarding" VALUES(13510798882111591,'new1',FALSE,'2024-10-09 18:30:00.000000',NULL,NULL)
COMMIT
INSERT INTO "system$workflow" VALUES(2251799813685352,'Employee Onboarding','','2024-10-17 09:41:10.283000',NULL,NULL,TRUE,TRUE,'InProgress',NULL,NULL,13510798882111591,4785074604081156)
INSERT INTO "system$workflow_workflowdefinition" VALUES(2251799813685352,3096224743817217)
INSERT INTO "system$workflow_currentactivity" VALUES(2251799813685352,9570149208162411)
INSERT INTO "system$workflowactivity" VALUES(9570149208162411,'7c267488-79b0-3158-9c36-c97ce12b9aa6','824259ba-2779-4568-8696-24e6ba2a03d1','start','Started','2024-10-17 09:41:10.283000',NULL,NULL,NULL,FALSE,FALSE,NULL,NULL)
INSERT INTO "system$workflowactivity_workflow" VALUES(9570149208162411,2251799813685352)
INSERT INTO "system$workflowactivity_workflowversion" VALUES(9570149208162411,281474976710757)
COMMIT
ALTER SEQUENCE PUBLIC."system$queuedtask_sequence_mxseq" RESTART WITH 7
INSERT INTO "system$queuedtask" VALUES(6755399441055848,6,'Idle','869a623f-6f92-40b1-a716-6d6d254c5327','System.MendixWorkflows-WorkflowExecution','User',NULL,NULL,'MendixWorkflows-ExecuteWorkflow','[{"value":"2251799813685352","type":"Identifier"},{"value":true,"type":"Boolean"}]',NULL,NULL,'2024-10-17 09:41:10.289000',NULL,NULL,0,NULL,4785074604081156)
COMMIT
/*C11*/SET SCHEMA PUBLIC
DELETE FROM "system$queuedtask" WHERE "id"=6755399441055848
INSERT INTO "system$queuedtask" VALUES(6755399441055848,6,'Running','869a623f-6f92-40b1-a716-6d6d254c5327','System.MendixWorkflows-WorkflowExecution','User',NULL,NULL,'MendixWorkflows-ExecuteWorkflow','[{"value":"2251799813685352","type":"Identifier"},{"value":true,"type":"Boolean"}]','7610875f-a96e-4b23-ab81-3fd389528725',34,'2024-10-17 09:41:10.289000',NULL,'2024-10-17 09:41:11.136000',0,NULL,4785074604081156)
COMMIT
/*C18*/DELETE FROM "system$workflow" WHERE "id"=2251799813685352
INSERT INTO "system$workflowusertask_targetusers" VALUES(11258999068426244,4785074604081157)
INSERT INTO "system$workflowusertask" VALUES(11258999068426244,'Specify Device for new1','','2024-10-17 09:41:11.170000',NULL,NULL,NULL,'InProgress')
INSERT INTO "system$workflowusertask_workflow" VALUES(11258999068426244,2251799813685352)
INSERT INTO "system$workflowusertask_workflowusertaskdefinition" VALUES(11258999068426244,5348024557502465)
INSERT INTO "system$workflow" VALUES(2251799813685352,'Employee Onboarding','','2024-10-17 09:41:10.283000',NULL,NULL,TRUE,TRUE,'InProgress',NULL,NULL,13510798882111591,4785074604081156)
DELETE FROM "system$workflow_workflowdefinition" WHERE "system$workflowid"=2251799813685352 AND "system$workflowdefinitionid"=3096224743817217
INSERT INTO "system$workflow_workflowdefinition" VALUES(2251799813685352,3096224743817217)
DELETE FROM "system$workflow_currentactivity" WHERE "system$workflowid"=2251799813685352 AND "system$workflowactivityid"=9570149208162411
INSERT INTO "system$workflow_currentactivity" VALUES(2251799813685352,9570149208162412)
INSERT INTO "system$workflowactivity" VALUES(9570149208162412,'603fe022-87d7-4cc2-8d28-0d2d4459e8af','e35075bb-6516-41f6-ae3d-ae4a5b09e7a5','Manager: SpecifyDevice','Suspended','2024-10-17 09:41:11.170000',NULL,NULL,NULL,FALSE,FALSE,NULL,NULL)
INSERT INTO "system$workflowactivity_previousactivity" VALUES(9570149208162412,9570149208162411)
INSERT INTO "system$workflowactivity_workflow" VALUES(9570149208162412,2251799813685352)
INSERT INTO "system$workflowactivity_workflowversion" VALUES(9570149208162412,281474976710757)
INSERT INTO "system$workflowactivity_workflowusertask" VALUES(9570149208162412,11258999068426244)
DELETE FROM "system$workflowactivity" WHERE "id"=9570149208162411
INSERT INTO "system$workflowactivity" VALUES(9570149208162411,'7c267488-79b0-3158-9c36-c97ce12b9aa6','824259ba-2779-4568-8696-24e6ba2a03d1','start','Finished','2024-10-17 09:41:10.283000','2024-10-17 09:41:11.170000',NULL,NULL,FALSE,FALSE,NULL,NULL)
COMMIT
INSERT INTO "system$processedqueuetask" VALUES(9851624184873064,6,'Completed','869a623f-6f92-40b1-a716-6d6d254c5327','System.MendixWorkflows-WorkflowExecution','User',NULL,NULL,'MendixWorkflows-ExecuteWorkflow','[{"value":"2251799813685352","type":"Identifier"},{"value":true,"type":"Boolean"}]','7610875f-a96e-4b23-ab81-3fd389528725',34,'2024-10-17 09:41:10.289000',NULL,'2024-10-17 09:41:11.136000','2024-10-17 09:41:11.195000',59,0,NULL,4785074604081156)
DELETE FROM "system$queuedtask" WHERE "id"=6755399441055848
COMMIT
DELETE FROM "system$session" WHERE "id"=10133099161583833
DELETE FROM "system$session_user" WHERE "system$sessionid"=10133099161583833 AND "system$userid"=4785074604081156
COMMIT
/*C3*/DELETE FROM "system$user" WHERE "id"=4785074604081157
INSERT INTO "system$user" VALUES(4785074604081157,'demo_Manager','{BCrypt}$2a$10$zjpYJnyO8/IXSveWkt52b.88yaPihJBxd5.DxRw1oLaa6igwSqf/S','2024-10-17 09:41:14.983000',FALSE,TRUE,0,FALSE,FALSE,'2024-10-17 08:49:11.515000','2024-10-17 08:49:11.515000','Administration.Account',NULL,4785074604081157)
COMMIT
/*C11*/INSERT INTO "system$session" VALUES(10133099161583835,'0a5e54f4-2b6d-4341-b3c9-a83a75c961b4','1141d217-4b6a-4a4e-ab3c-997083e3e811','2024-10-17 09:41:14.993000',FALSE,'dca4f368-3576-4fe8-b0b6-248d527e986a',NULL,'2024-10-17 09:41:14.992000')
INSERT INTO "system$session_user" VALUES(10133099161583835,4785074604081157)
COMMIT
DELETE FROM "system$session" WHERE "id"=10133099161583835
INSERT INTO "system$session" VALUES(10133099161583835,'0a5e54f4-2b6d-4341-b3c9-a83a75c961b4','1141d217-4b6a-4a4e-ab3c-997083e3e811','2024-10-17 09:41:15.129000',FALSE,'dca4f368-3576-4fe8-b0b6-248d527e986a',NULL,'2024-10-17 09:41:14.992000')
COMMIT
/*C33*/SET SCHEMA PUBLIC
DELETE FROM "mendixsystem$entityidentifier" WHERE "id"='8b882412-f622-4ded-bcbd-3c816594fa04'
INSERT INTO "mendixsystem$entityidentifier" VALUES('8b882412-f622-4ded-bcbd-3c816594fa04',47,101)
COMMIT
/*C31*/SET SCHEMA PUBLIC
DELETE FROM "system$session" WHERE "id"=10133099161583835
INSERT INTO "system$session" VALUES(10133099161583835,'0a5e54f4-2b6d-4341-b3c9-a83a75c961b4','1141d217-4b6a-4a4e-ab3c-997083e3e811','2024-10-17 09:41:23.807000',FALSE,'dca4f368-3576-4fe8-b0b6-248d527e986a',NULL,'2024-10-17 09:41:14.992000')
COMMIT
/*C28*/SET SCHEMA PUBLIC
INSERT INTO "system$workflowusertask_assignee" VALUES(11258999068426244,4785074604081157)
COMMIT
/*C29*/SET SCHEMA PUBLIC
DELETE FROM "system$session" WHERE "id"=10133099161583835
INSERT INTO "system$session" VALUES(10133099161583835,'0a5e54f4-2b6d-4341-b3c9-a83a75c961b4','1141d217-4b6a-4a4e-ab3c-997083e3e811','2024-10-17 09:43:15.708000',FALSE,'dca4f368-3576-4fe8-b0b6-248d527e986a',NULL,'2024-10-17 09:41:14.992000')
COMMIT
DELETE FROM "system$xasinstance" WHERE "id"=1125899906842825
INSERT INTO "system$xasinstance" VALUES(1125899906842825,'7610875f-a96e-4b23-ab81-3fd389528725','2024-10-17 09:43:32.350000',NULL,NULL,NULL,'2024-10-17 09:13:28.910000')
COMMIT
DELETE FROM "system$workflow" WHERE "id"=2251799813685352
DELETE FROM "system$workflowusertask" WHERE "id"=11258999068426244
INSERT INTO "system$workflowusertask" VALUES(11258999068426244,'Specify Device for new1','','2024-10-17 09:41:11.170000',NULL,'2024-10-17 09:43:35.540000','Outcome','Completed')
DELETE FROM "system$workflowusertask_workflow" WHERE "system$workflowusertaskid"=11258999068426244 AND "system$workflowid"=2251799813685352
INSERT INTO "system$workflowusertask_workflow" VALUES(11258999068426244,2251799813685352)
DELETE FROM "system$workflowusertask_workflowusertaskdefinition" WHERE "system$workflowusertaskid"=11258999068426244 AND "system$workflowusertaskdefinitionid"=5348024557502465
INSERT INTO "system$workflowusertask_workflowusertaskdefinition" VALUES(11258999068426244,5348024557502465)
INSERT INTO "system$workflow" VALUES(2251799813685352,'Employee Onboarding','','2024-10-17 09:41:10.283000',NULL,NULL,TRUE,TRUE,'InProgress',NULL,NULL,13510798882111591,4785074604081156)
DELETE FROM "system$workflow_workflowdefinition" WHERE "system$workflowid"=2251799813685352 AND "system$workflowdefinitionid"=3096224743817217
INSERT INTO "system$workflow_workflowdefinition" VALUES(2251799813685352,3096224743817217)
DELETE FROM "system$workflowactivity" WHERE "id"=9570149208162412
INSERT INTO "system$workflowactivity" VALUES(9570149208162412,'603fe022-87d7-4cc2-8d28-0d2d4459e8af','e35075bb-6516-41f6-ae3d-ae4a5b09e7a5','Manager: SpecifyDevice','Suspended','2024-10-17 09:41:11.170000',NULL,NULL,NULL,FALSE,FALSE,'Outcome_10e341e4a64f4b35b3b5b03cb853e6be','10e341e4-a64f-4b35-b3b5-b03cb853e6be')
INSERT INTO "system$workflowactivity_taskactor" VALUES(9570149208162412,4785074604081157)
DELETE FROM "system$workflowactivity_workflowusertask" WHERE "system$workflowactivityid"=9570149208162412 AND "system$workflowusertaskid"=11258999068426244
INSERT INTO "system$workflowactivity_workflowusertask" VALUES(9570149208162412,11258999068426244)
INSERT INTO "system$queuedtask" VALUES(6755399441055849,7,'Idle','869a623f-6f92-40b1-a716-6d6d254c5327','System.MendixWorkflows-WorkflowExecution','User',NULL,NULL,'MendixWorkflows-ExecuteWorkflow','[{"value":"2251799813685352","type":"Identifier"},{"value":true,"type":"Boolean"}]',NULL,NULL,'2024-10-17 09:43:35.563000',NULL,NULL,0,NULL,4785074604081157)
COMMIT
/*C18*/ALTER SEQUENCE PUBLIC."system$queuedtask_sequence_mxseq" RESTART WITH 8
/*C37*/SET SCHEMA PUBLIC
DELETE FROM "system$queuedtask" WHERE "id"=6755399441055849
INSERT INTO "system$queuedtask" VALUES(6755399441055849,7,'Running','869a623f-6f92-40b1-a716-6d6d254c5327','System.MendixWorkflows-WorkflowExecution','User',NULL,NULL,'MendixWorkflows-ExecuteWorkflow','[{"value":"2251799813685352","type":"Identifier"},{"value":true,"type":"Boolean"}]','7610875f-a96e-4b23-ab81-3fd389528725',34,'2024-10-17 09:43:35.563000',NULL,'2024-10-17 09:43:36.022000',0,NULL,4785074604081157)
COMMIT
/*C27*/SET SCHEMA PUBLIC
DELETE FROM "system$workflow" WHERE "id"=2251799813685352
INSERT INTO "system$workflow" VALUES(2251799813685352,'Employee Onboarding','','2024-10-17 09:41:10.283000','2024-10-17 09:43:36.043000',NULL,FALSE,FALSE,'Completed',NULL,NULL,13510798882111591,4785074604081156)
DELETE FROM "system$workflow_workflowdefinition" WHERE "system$workflowid"=2251799813685352 AND "system$workflowdefinitionid"=3096224743817217
INSERT INTO "system$workflow_workflowdefinition" VALUES(2251799813685352,3096224743817217)
DELETE FROM "system$workflow_currentactivity" WHERE "system$workflowid"=2251799813685352 AND "system$workflowactivityid"=9570149208162412
INSERT INTO "system$workflow_currentactivity" VALUES(2251799813685352,9570149208162413)
INSERT INTO "system$workflowactivity" VALUES(9570149208162413,'aa41d9c2-253e-36a4-8000-5a0bacb78d8a','23792db9-771d-47a8-8bfe-bea7f71e7cca','end','Finished','2024-10-17 09:43:36.037000','2024-10-17 09:43:36.043000',NULL,NULL,FALSE,FALSE,NULL,NULL)
INSERT INTO "system$workflowactivity_previousactivity" VALUES(9570149208162413,9570149208162412)
INSERT INTO "system$workflowactivity_workflow" VALUES(9570149208162413,2251799813685352)
INSERT INTO "system$workflowactivity_workflowversion" VALUES(9570149208162413,281474976710757)
DELETE FROM "system$workflowactivity" WHERE "id"=9570149208162412
INSERT INTO "system$workflowactivity" VALUES(9570149208162412,'603fe022-87d7-4cc2-8d28-0d2d4459e8af','e35075bb-6516-41f6-ae3d-ae4a5b09e7a5','Manager: SpecifyDevice','Finished','2024-10-17 09:41:11.170000','2024-10-17 09:43:36.037000',NULL,NULL,FALSE,FALSE,'Outcome_10e341e4a64f4b35b3b5b03cb853e6be','10e341e4-a64f-4b35-b3b5-b03cb853e6be')
DELETE FROM "system$workflowactivity_taskactor" WHERE "system$workflowactivityid"=9570149208162412 AND "system$userid"=4785074604081157
INSERT INTO "system$workflowactivity_taskactor" VALUES(9570149208162412,4785074604081157)
DELETE FROM "system$workflowactivity_workflowusertask" WHERE "system$workflowactivityid"=9570149208162412 AND "system$workflowusertaskid"=11258999068426244
INSERT INTO "system$workflowactivity_workflowusertask" VALUES(9570149208162412,11258999068426244)
COMMIT
INSERT INTO "system$processedqueuetask" VALUES(9851624184873065,7,'Completed','869a623f-6f92-40b1-a716-6d6d254c5327','System.MendixWorkflows-WorkflowExecution','User',NULL,NULL,'MendixWorkflows-ExecuteWorkflow','[{"value":"2251799813685352","type":"Identifier"},{"value":true,"type":"Boolean"}]','7610875f-a96e-4b23-ab81-3fd389528725',34,'2024-10-17 09:43:35.563000',NULL,'2024-10-17 09:43:36.022000','2024-10-17 09:43:36.049000',27,0,NULL,4785074604081157)
DELETE FROM "system$queuedtask" WHERE "id"=6755399441055849
COMMIT
DELETE FROM "system$session" WHERE "id"=10133099161583835
INSERT INTO "system$session" VALUES(10133099161583835,'0a5e54f4-2b6d-4341-b3c9-a83a75c961b4','1141d217-4b6a-4a4e-ab3c-997083e3e811','2024-10-17 09:43:35.739000',FALSE,'dca4f368-3576-4fe8-b0b6-248d527e986a',NULL,'2024-10-17 09:41:14.992000')
COMMIT
